[debug] [2023-03-12T15:39:02.937Z] ----------------------------------------------------------------------
[debug] [2023-03-12T15:39:02.940Z] Command:       /usr/local/Cellar/node/18.11.0/bin/node /usr/local/bin/firebase emulators:start --only functions
[debug] [2023-03-12T15:39:02.940Z] CLI Version:   11.24.1
[debug] [2023-03-12T15:39:02.940Z] Platform:      darwin
[debug] [2023-03-12T15:39:02.941Z] Node Version:  v18.11.0
[debug] [2023-03-12T15:39:02.942Z] Time:          Sun Mar 12 2023 16:39:02 GMT+0100 (Central European Standard Time)
[debug] [2023-03-12T15:39:02.942Z] ----------------------------------------------------------------------
[debug] 
[debug] [2023-03-12T15:39:03.058Z] > command requires scopes: ["email","openid","https://www.googleapis.com/auth/cloudplatformprojects.readonly","https://www.googleapis.com/auth/firebase","https://www.googleapis.com/auth/cloud-platform"]
[debug] [2023-03-12T15:39:03.058Z] > authorizing via signed-in user (tim.sigl12@googlemail.com)
[info] i  emulators: Starting emulators: functions {"metadata":{"emulator":{"name":"hub"},"message":"Starting emulators: functions"}}
[debug] [2023-03-12T15:39:04.220Z] [logging] Logging Emulator only supports listening on one address (127.0.0.1). Not listening on ::1
[debug] [2023-03-12T15:39:04.221Z] assigned listening specs for emulators {"user":{"hub":[{"address":"127.0.0.1","family":"IPv4","port":4400},{"address":"::1","family":"IPv6","port":4400}],"ui":[{"address":"127.0.0.1","family":"IPv4","port":4000},{"address":"::1","family":"IPv6","port":4000}],"logging":[{"address":"127.0.0.1","family":"IPv4","port":4500}]},"metadata":{"message":"assigned listening specs for emulators"}}
[warn] ⚠  emulators: It seems that you are running multiple instances of the emulator suite for project pinte-mieten. This may result in unexpected behavior. 
[debug] [2023-03-12T15:39:04.230Z] [hub] writing locator at /var/folders/f3/d0fh5f795_12g08zccw6m_740000gn/T/hub-pinte-mieten.json
[debug] [2023-03-12T15:39:05.003Z] [functions] Functions Emulator only supports listening on one address (127.0.0.1). Not listening on ::1
[debug] [2023-03-12T15:39:05.003Z] [eventarc] Eventarc Emulator only supports listening on one address (127.0.0.1). Not listening on ::1
[debug] [2023-03-12T15:39:05.003Z] late-assigned ports for functions and eventarc emulators {"user":{"hub":[{"address":"127.0.0.1","family":"IPv4","port":4400},{"address":"::1","family":"IPv6","port":4400}],"ui":[{"address":"127.0.0.1","family":"IPv4","port":4000},{"address":"::1","family":"IPv6","port":4000}],"logging":[{"address":"127.0.0.1","family":"IPv4","port":4500}],"functions":[{"address":"127.0.0.1","family":"IPv4","port":5001}],"eventarc":[{"address":"127.0.0.1","family":"IPv4","port":9299}]},"metadata":{"message":"late-assigned ports for functions and eventarc emulators"}}
[warn] ⚠  functions: The following emulators are not running, calls to these services from the Functions emulator will affect production: auth, firestore, database, hosting, pubsub, storage {"metadata":{"emulator":{"name":"functions"},"message":"The following emulators are not running, calls to these services from the Functions emulator will affect production: \u001b[1mauth, firestore, database, hosting, pubsub, storage\u001b[22m"}}
[debug] [2023-03-12T15:39:05.008Z] defaultcredentials: writing to file /Users/timsigl/.config/firebase/tim_sigl12_googlemail.com_application_default_credentials.json
[debug] [2023-03-12T15:39:05.012Z] Setting GAC to /Users/timsigl/.config/firebase/tim_sigl12_googlemail.com_application_default_credentials.json {"metadata":{"emulator":{"name":"functions"},"message":"Setting GAC to /Users/timsigl/.config/firebase/tim_sigl12_googlemail.com_application_default_credentials.json"}}
[debug] [2023-03-12T15:39:05.013Z] > refreshing access token with scopes: []
[debug] [2023-03-12T15:39:05.015Z] >>> [apiv2][query] POST https://www.googleapis.com/oauth2/v3/token [none]
[debug] [2023-03-12T15:39:05.015Z] >>> [apiv2][body] POST https://www.googleapis.com/oauth2/v3/token [omitted]
[debug] [2023-03-12T15:39:05.123Z] <<< [apiv2][status] POST https://www.googleapis.com/oauth2/v3/token 200
[debug] [2023-03-12T15:39:05.123Z] <<< [apiv2][body] POST https://www.googleapis.com/oauth2/v3/token [omitted]
[debug] [2023-03-12T15:39:05.172Z] >>> [apiv2][query] GET https://firebase.googleapis.com/v1beta1/projects/pinte-mieten/adminSdkConfig [none]
[debug] [2023-03-12T15:39:05.444Z] <<< [apiv2][status] GET https://firebase.googleapis.com/v1beta1/projects/pinte-mieten/adminSdkConfig 200
[debug] [2023-03-12T15:39:05.444Z] <<< [apiv2][body] GET https://firebase.googleapis.com/v1beta1/projects/pinte-mieten/adminSdkConfig {"projectId":"pinte-mieten","storageBucket":"pinte-mieten.appspot.com"}
[debug] [2023-03-12T15:39:05.486Z] Ignoring unsupported arg: auto_download {"metadata":{"emulator":{"name":"ui"},"message":"Ignoring unsupported arg: auto_download"}}
[debug] [2023-03-12T15:39:05.486Z] Ignoring unsupported arg: port {"metadata":{"emulator":{"name":"ui"},"message":"Ignoring unsupported arg: port"}}
[debug] [2023-03-12T15:39:05.486Z] Starting Emulator UI with command {"binary":"node","args":["/Users/timsigl/.cache/firebase/emulators/ui-v1.11.4/server/server.js"],"optionalArgs":[],"joinArgs":false} {"metadata":{"emulator":{"name":"ui"},"message":"Starting Emulator UI with command {\"binary\":\"node\",\"args\":[\"/Users/timsigl/.cache/firebase/emulators/ui-v1.11.4/server/server.js\"],\"optionalArgs\":[],\"joinArgs\":false}"}}
[info] i  ui: Emulator UI logging to ui-debug.log {"metadata":{"emulator":{"name":"ui"},"message":"Emulator UI logging to \u001b[1mui-debug.log\u001b[22m"}}
[debug] [2023-03-12T15:39:05.671Z] Web / API server started at 127.0.0.1:4000
 {"metadata":{"emulator":{"name":"ui"},"message":"Web / API server started at 127.0.0.1:4000\n"}}
[debug] [2023-03-12T15:39:05.671Z] Web / API server started at ::1:4000
 {"metadata":{"emulator":{"name":"ui"},"message":"Web / API server started at ::1:4000\n"}}
[info] i  functions: Watching "/Users/timsigl/Documents/pinte-mieten/functions" for Cloud Functions... {"metadata":{"emulator":{"name":"functions"},"message":"Watching \"/Users/timsigl/Documents/pinte-mieten/functions\" for Cloud Functions..."}}
[debug] [2023-03-12T15:39:05.752Z] Validating nodejs source
[debug] [2023-03-12T15:39:06.430Z] > [functions] package.json contents: {
  "name": "functions",
  "scripts": {
    "lint": "eslint --ext .js,.ts .",
    "build": "tsc",
    "build:watch": "tsc --watch",
    "serve": "npm run build && firebase emulators:start --only functions",
    "shell": "npm run build && firebase functions:shell",
    "start": "npm run shell",
    "deploy": "firebase deploy --only functions",
    "logs": "firebase functions:log"
  },
  "engines": {
    "node": "16"
  },
  "main": "lib/index.js",
  "dependencies": {
    "firebase-admin": "^11.5.0",
    "firebase-functions": "^4.2.0",
    "nodemailer": "^6.9.1"
  },
  "devDependencies": {
    "@types/nodemailer": "^6.4.7",
    "@typescript-eslint/eslint-plugin": "^5.12.0",
    "@typescript-eslint/parser": "^5.12.0",
    "eslint": "^8.9.0",
    "eslint-config-google": "^0.14.0",
    "eslint-plugin-import": "^2.25.4",
    "firebase-functions-test": "^3.0.0",
    "typescript": "^4.9.0"
  },
  "private": true
}
[debug] [2023-03-12T15:39:06.430Z] Building nodejs source
[debug] [2023-03-12T15:39:06.431Z] Failed to find version of module node: reached end of search path /Users/timsigl/Documents/pinte-mieten/functions/node_modules
[warn] ⚠  functions: Your requested "node" version "16" doesn't match your global version "18". Using node@18 from host. 
[info] i  functions: Loaded environment variables from .env. 
[debug] [2023-03-12T15:39:06.435Z] Could not find functions.yaml. Must use http discovery
[debug] [2023-03-12T15:39:06.447Z] Found firebase-functions binary at '/Users/timsigl/Documents/pinte-mieten/functions/node_modules/.bin/firebase-functions'
[debug] [2023-03-12T15:39:06.744Z] Serving at port 8699

[debug] [2023-03-12T15:39:07.217Z] Got response from /__/functions.yaml {"endpoints":{"reserve":{"platform":"gcfv1","availableMemoryMb":null,"timeoutSeconds":null,"minInstances":null,"maxInstances":null,"ingressSettings":null,"serviceAccountEmail":null,"vpc":null,"httpsTrigger":{},"entryPoint":"reserve"}},"specVersion":"v1alpha1","requiredAPIs":[]}
[debug] [2023-03-12T15:39:07.224Z] shutdown requested via /__/quitquitquit

[info] ✔  functions: Loaded functions definitions from source: reserve. {"metadata":{"emulator":{"name":"functions"},"message":"Loaded functions definitions from source: reserve."}}
[info] ✔  functions[us-central1-reserve]: http function initialized (http://127.0.0.1:5001/pinte-mieten/us-central1/reserve). {"metadata":{"emulator":{"name":"functions"},"message":"\u001b[1mhttp\u001b[22m function initialized (http://127.0.0.1:5001/pinte-mieten/us-central1/reserve)."}}
[info] 
┌─────────────────────────────────────────────────────────────┐
│ ✔  All emulators ready! It is now safe to connect your app. │
│ i  View Emulator UI at http://127.0.0.1:4000/               │
└─────────────────────────────────────────────────────────────┘

┌───────────┬────────────────┬─────────────────────────────────┐
│ Emulator  │ Host:Port      │ View in Emulator UI             │
├───────────┼────────────────┼─────────────────────────────────┤
│ Functions │ 127.0.0.1:5001 │ http://127.0.0.1:4000/functions │
└───────────┴────────────────┴─────────────────────────────────┘
  Emulator Hub running at 127.0.0.1:4400
  Other reserved ports: 4500

Issues? Report them at https://github.com/firebase/firebase-tools/issues and attach the *-debug.log files.
 
[debug] [2023-03-12T15:39:15.772Z] [work-queue] {"queuedWork":["/pinte-mieten/us-central1/reserve-2023-03-12T15:39:15.772Z"],"queueLength":1,"runningWork":[],"workRunningCount":0}
[debug] [2023-03-12T15:39:15.774Z] [work-queue] {"queuedWork":[],"queueLength":0,"runningWork":["/pinte-mieten/us-central1/reserve-2023-03-12T15:39:15.772Z"],"workRunningCount":1}
[debug] [2023-03-12T15:39:15.775Z] Accepted request GET /pinte-mieten/us-central1/reserve --> us-central1-reserve
[debug] [2023-03-12T15:39:15.781Z] [functions] Runtime ready! Sending request! {"metadata":{"emulator":{"name":"functions"},"message":"[functions] Runtime ready! Sending request!"}}
[debug] [2023-03-12T15:39:15.783Z] [functions] Got req.url=/pinte-mieten/us-central1/reserve, mapping to path=/ {"metadata":{"emulator":{"name":"functions"},"message":"[functions] Got req.url=/pinte-mieten/us-central1/reserve, mapping to path=/"}}
[info] i  functions: Loaded environment variables from .env. 
[debug] [2023-03-12T15:39:15.797Z] [worker-pool] addWorker(us-central1-reserve) {"metadata":{"emulator":{"name":"functions"},"message":"[worker-pool] addWorker(us-central1-reserve)"}}
[debug] [2023-03-12T15:39:15.800Z] [worker-pool] Adding worker with key us-central1-reserve, total=1 {"metadata":{"emulator":{"name":"functions"},"message":"[worker-pool] Adding worker with key us-central1-reserve, total=1"}}
[debug] [2023-03-12T15:39:16.994Z] [runtime-status] [82949] Resolved module firebase-admin {"declared":true,"installed":true,"version":"11.5.0","resolution":"/Users/timsigl/Documents/pinte-mieten/functions/node_modules/firebase-admin/lib/index.js"} {"metadata":{"emulator":{"name":"functions"},"function":{"name":"us-central1-reserve"},"extension":{},"message":"[runtime-status] [82949] Resolved module firebase-admin {\"declared\":true,\"installed\":true,\"version\":\"11.5.0\",\"resolution\":\"/Users/timsigl/Documents/pinte-mieten/functions/node_modules/firebase-admin/lib/index.js\"}"}}
[debug] [2023-03-12T15:39:16.995Z] [runtime-status] [82949] Resolved module firebase-functions {"declared":true,"installed":true,"version":"4.2.1","resolution":"/Users/timsigl/Documents/pinte-mieten/functions/node_modules/firebase-functions/lib/v1/index.js"} {"metadata":{"emulator":{"name":"functions"},"function":{"name":"us-central1-reserve"},"extension":{},"message":"[runtime-status] [82949] Resolved module firebase-functions {\"declared\":true,\"installed\":true,\"version\":\"4.2.1\",\"resolution\":\"/Users/timsigl/Documents/pinte-mieten/functions/node_modules/firebase-functions/lib/v1/index.js\"}"}}
[debug] [2023-03-12T15:39:16.996Z] [runtime-status] [82949] Outgoing network have been stubbed. [{"name":"http","status":"mocked"},{"name":"http","status":"mocked"},{"name":"https","status":"mocked"},{"name":"https","status":"mocked"},{"name":"net","status":"mocked"}] {"metadata":{"emulator":{"name":"functions"},"function":{"name":"us-central1-reserve"},"extension":{},"message":"[runtime-status] [82949] Outgoing network have been stubbed. [{\"name\":\"http\",\"status\":\"mocked\"},{\"name\":\"http\",\"status\":\"mocked\"},{\"name\":\"https\",\"status\":\"mocked\"},{\"name\":\"https\",\"status\":\"mocked\"},{\"name\":\"net\",\"status\":\"mocked\"}]"}}
[debug] [2023-03-12T15:39:16.996Z] [runtime-status] [82949] Resolved module firebase-functions {"declared":true,"installed":true,"version":"4.2.1","resolution":"/Users/timsigl/Documents/pinte-mieten/functions/node_modules/firebase-functions/lib/v1/index.js"} {"metadata":{"emulator":{"name":"functions"},"function":{"name":"us-central1-reserve"},"extension":{},"message":"[runtime-status] [82949] Resolved module firebase-functions {\"declared\":true,\"installed\":true,\"version\":\"4.2.1\",\"resolution\":\"/Users/timsigl/Documents/pinte-mieten/functions/node_modules/firebase-functions/lib/v1/index.js\"}"}}
[debug] [2023-03-12T15:39:17.187Z] [runtime-status] [82949] Checked functions.config() {"config":{}} {"metadata":{"emulator":{"name":"functions"},"function":{"name":"us-central1-reserve"},"extension":{},"message":"[runtime-status] [82949] Checked functions.config() {\"config\":{}}"}}
[debug] [2023-03-12T15:39:17.188Z] [runtime-status] [82949] firebase-functions has been stubbed. {"functionsResolution":{"declared":true,"installed":true,"version":"4.2.1","resolution":"/Users/timsigl/Documents/pinte-mieten/functions/node_modules/firebase-functions/lib/v1/index.js"}} {"metadata":{"emulator":{"name":"functions"},"function":{"name":"us-central1-reserve"},"extension":{},"message":"[runtime-status] [82949] firebase-functions has been stubbed. {\"functionsResolution\":{\"declared\":true,\"installed\":true,\"version\":\"4.2.1\",\"resolution\":\"/Users/timsigl/Documents/pinte-mieten/functions/node_modules/firebase-functions/lib/v1/index.js\"}}"}}
[debug] [2023-03-12T15:39:17.188Z] [runtime-status] [82949] Resolved module firebase-functions {"declared":true,"installed":true,"version":"4.2.1","resolution":"/Users/timsigl/Documents/pinte-mieten/functions/node_modules/firebase-functions/lib/v1/index.js"} {"metadata":{"emulator":{"name":"functions"},"function":{"name":"us-central1-reserve"},"extension":{},"message":"[runtime-status] [82949] Resolved module firebase-functions {\"declared\":true,\"installed\":true,\"version\":\"4.2.1\",\"resolution\":\"/Users/timsigl/Documents/pinte-mieten/functions/node_modules/firebase-functions/lib/v1/index.js\"}"}}
[debug] [2023-03-12T15:39:17.190Z] [runtime-status] [82949] Resolved module firebase-admin {"declared":true,"installed":true,"version":"11.5.0","resolution":"/Users/timsigl/Documents/pinte-mieten/functions/node_modules/firebase-admin/lib/index.js"} {"metadata":{"emulator":{"name":"functions"},"function":{"name":"us-central1-reserve"},"extension":{},"message":"[runtime-status] [82949] Resolved module firebase-admin {\"declared\":true,\"installed\":true,\"version\":\"11.5.0\",\"resolution\":\"/Users/timsigl/Documents/pinte-mieten/functions/node_modules/firebase-admin/lib/index.js\"}"}}
[debug] [2023-03-12T15:39:17.194Z] [runtime-status] [82949] Resolved module firebase-functions {"declared":true,"installed":true,"version":"4.2.1","resolution":"/Users/timsigl/Documents/pinte-mieten/functions/node_modules/firebase-functions/lib/v1/index.js"} {"metadata":{"emulator":{"name":"functions"},"function":{"name":"us-central1-reserve"},"extension":{},"message":"[runtime-status] [82949] Resolved module firebase-functions {\"declared\":true,\"installed\":true,\"version\":\"4.2.1\",\"resolution\":\"/Users/timsigl/Documents/pinte-mieten/functions/node_modules/firebase-functions/lib/v1/index.js\"}"}}
[debug] [2023-03-12T15:39:17.194Z] [runtime-status] [82949] firebase-admin has been stubbed. {"adminResolution":{"declared":true,"installed":true,"version":"11.5.0","resolution":"/Users/timsigl/Documents/pinte-mieten/functions/node_modules/firebase-admin/lib/index.js"}} {"metadata":{"emulator":{"name":"functions"},"function":{"name":"us-central1-reserve"},"extension":{},"message":"[runtime-status] [82949] firebase-admin has been stubbed. {\"adminResolution\":{\"declared\":true,\"installed\":true,\"version\":\"11.5.0\",\"resolution\":\"/Users/timsigl/Documents/pinte-mieten/functions/node_modules/firebase-admin/lib/index.js\"}}"}}
[debug] [2023-03-12T15:39:17.232Z] [runtime-status] [82949] Functions runtime initialized. {"cwd":"/Users/timsigl/Documents/pinte-mieten/functions","node_version":"18.11.0"} {"metadata":{"emulator":{"name":"functions"},"function":{"name":"us-central1-reserve"},"extension":{},"message":"[runtime-status] [82949] Functions runtime initialized. {\"cwd\":\"/Users/timsigl/Documents/pinte-mieten/functions\",\"node_version\":\"18.11.0\"}"}}
[debug] [2023-03-12T15:39:17.232Z] [runtime-status] [82949] Listening to port: /var/folders/f3/d0fh5f795_12g08zccw6m_740000gn/T/fire_emu_a8649848fa72561c.sock {"metadata":{"emulator":{"name":"functions"},"function":{"name":"us-central1-reserve"},"extension":{},"message":"[runtime-status] [82949] Listening to port: /var/folders/f3/d0fh5f795_12g08zccw6m_740000gn/T/fire_emu_a8649848fa72561c.sock"}}
[debug] [2023-03-12T15:39:17.330Z] [worker-us-central1-reserve-964b3b3f-4e48-4736-a5c3-262ef23e0f92]: IDLE {"metadata":{"emulator":{"name":"functions"},"function":{"name":"us-central1-reserve"},"extension":{},"message":"[worker-us-central1-reserve-964b3b3f-4e48-4736-a5c3-262ef23e0f92]: IDLE"}}
[debug] [2023-03-12T15:39:17.330Z] [worker-pool] submitRequest(triggerId=us-central1-reserve) {"metadata":{"emulator":{"name":"functions"},"message":"[worker-pool] submitRequest(triggerId=us-central1-reserve)"}}
[info] i  functions: Beginning execution of "us-central1-reserve" {"metadata":{"emulator":{"name":"functions"},"function":{"name":"us-central1-reserve"},"extension":{},"message":"Beginning execution of \"us-central1-reserve\""}}
[debug] [2023-03-12T15:39:17.331Z] [worker-us-central1-reserve-964b3b3f-4e48-4736-a5c3-262ef23e0f92]: BUSY {"metadata":{"emulator":{"name":"functions"},"function":{"name":"us-central1-reserve"},"extension":{},"message":"[worker-us-central1-reserve-964b3b3f-4e48-4736-a5c3-262ef23e0f92]: BUSY"}}
[info] i  functions: Finished "us-central1-reserve" in 17.633857ms {"metadata":{"emulator":{"name":"functions"},"function":{"name":"us-central1-reserve"},"extension":{},"message":"Finished \"us-central1-reserve\" in 17.633857ms"}}
[debug] [2023-03-12T15:39:17.349Z] [worker-us-central1-reserve-964b3b3f-4e48-4736-a5c3-262ef23e0f92]: IDLE {"metadata":{"emulator":{"name":"functions"},"function":{"name":"us-central1-reserve"},"extension":{},"message":"[worker-us-central1-reserve-964b3b3f-4e48-4736-a5c3-262ef23e0f92]: IDLE"}}
[debug] [2023-03-12T15:39:17.349Z] [work-queue] {"queuedWork":[],"queueLength":0,"runningWork":[],"workRunningCount":0}
