[debug] [2023-04-07T10:57:47.903Z] ----------------------------------------------------------------------
[debug] [2023-04-07T10:57:47.906Z] Command:       /usr/local/Cellar/node/19.8.1/bin/node /usr/local/bin/firebase deploy --only hosting,functions
[debug] [2023-04-07T10:57:47.907Z] CLI Version:   11.25.1
[debug] [2023-04-07T10:57:47.907Z] Platform:      darwin
[debug] [2023-04-07T10:57:47.907Z] Node Version:  v19.8.1
[debug] [2023-04-07T10:57:47.907Z] Time:          Fri Apr 07 2023 12:57:47 GMT+0200 (Central European Summer Time)
[debug] [2023-04-07T10:57:47.908Z] ----------------------------------------------------------------------
[debug] 
[debug] [2023-04-07T10:57:48.002Z] > command requires scopes: ["email","openid","https://www.googleapis.com/auth/cloudplatformprojects.readonly","https://www.googleapis.com/auth/firebase","https://www.googleapis.com/auth/cloud-platform"]
[debug] [2023-04-07T10:57:48.002Z] > authorizing via signed-in user (tim.sigl12@googlemail.com)
[debug] [2023-04-07T10:57:48.002Z] [iam] checking project pinte-mieten for permissions ["cloudfunctions.functions.create","cloudfunctions.functions.delete","cloudfunctions.functions.get","cloudfunctions.functions.list","cloudfunctions.functions.update","cloudfunctions.operations.get","firebase.projects.get","firebasehosting.sites.update"]
[debug] [2023-04-07T10:57:48.005Z] >>> [apiv2][query] POST https://cloudresourcemanager.googleapis.com/v1/projects/pinte-mieten:testIamPermissions [none]
[debug] [2023-04-07T10:57:48.005Z] >>> [apiv2][(partial)header] POST https://cloudresourcemanager.googleapis.com/v1/projects/pinte-mieten:testIamPermissions x-goog-quota-user=projects/pinte-mieten
[debug] [2023-04-07T10:57:48.006Z] >>> [apiv2][body] POST https://cloudresourcemanager.googleapis.com/v1/projects/pinte-mieten:testIamPermissions {"permissions":["cloudfunctions.functions.create","cloudfunctions.functions.delete","cloudfunctions.functions.get","cloudfunctions.functions.list","cloudfunctions.functions.update","cloudfunctions.operations.get","firebase.projects.get","firebasehosting.sites.update"]}
[debug] [2023-04-07T10:57:48.796Z] <<< [apiv2][status] POST https://cloudresourcemanager.googleapis.com/v1/projects/pinte-mieten:testIamPermissions 200
[debug] [2023-04-07T10:57:48.797Z] <<< [apiv2][body] POST https://cloudresourcemanager.googleapis.com/v1/projects/pinte-mieten:testIamPermissions {"permissions":["cloudfunctions.functions.create","cloudfunctions.functions.delete","cloudfunctions.functions.get","cloudfunctions.functions.list","cloudfunctions.functions.update","cloudfunctions.operations.get","firebase.projects.get","firebasehosting.sites.update"]}
[debug] [2023-04-07T10:57:48.797Z] >>> [apiv2][query] POST https://iam.googleapis.com/v1/projects/pinte-mieten/serviceAccounts/pinte-mieten@appspot.gserviceaccount.com:testIamPermissions [none]
[debug] [2023-04-07T10:57:48.797Z] >>> [apiv2][body] POST https://iam.googleapis.com/v1/projects/pinte-mieten/serviceAccounts/pinte-mieten@appspot.gserviceaccount.com:testIamPermissions {"permissions":["iam.serviceAccounts.actAs"]}
[debug] [2023-04-07T10:57:49.027Z] <<< [apiv2][status] POST https://iam.googleapis.com/v1/projects/pinte-mieten/serviceAccounts/pinte-mieten@appspot.gserviceaccount.com:testIamPermissions 200
[debug] [2023-04-07T10:57:49.028Z] <<< [apiv2][body] POST https://iam.googleapis.com/v1/projects/pinte-mieten/serviceAccounts/pinte-mieten@appspot.gserviceaccount.com:testIamPermissions {"permissions":["iam.serviceAccounts.actAs"]}
[debug] [2023-04-07T10:57:49.028Z] >>> [apiv2][query] GET https://firebase.googleapis.com/v1beta1/projects/pinte-mieten [none]
[debug] [2023-04-07T10:57:49.308Z] <<< [apiv2][status] GET https://firebase.googleapis.com/v1beta1/projects/pinte-mieten 200
[debug] [2023-04-07T10:57:49.308Z] <<< [apiv2][body] GET https://firebase.googleapis.com/v1beta1/projects/pinte-mieten {"projectId":"pinte-mieten","projectNumber":"535602354297","displayName":"pinte-mieten","name":"projects/pinte-mieten","resources":{"hostingSite":"pinte-mieten"},"state":"ACTIVE","etag":"1_24aed1ee-78db-4cd2-a2d2-1389186bad45"}
[info] 
[info] === Deploying to 'pinte-mieten'...
[info] 
[info] i  deploying functions, hosting 
[info] Running command: npm --prefix "$RESOURCE_DIR" run lint
[info] Running command: npm --prefix "$RESOURCE_DIR" run build
[info] ✔  functions: Finished running predeploy script. 
[debug] [2023-04-07T10:58:05.445Z] >>> [apiv2][query] GET https://firebase.googleapis.com/v1beta1/projects/pinte-mieten [none]
[debug] [2023-04-07T10:58:05.713Z] <<< [apiv2][status] GET https://firebase.googleapis.com/v1beta1/projects/pinte-mieten 200
[debug] [2023-04-07T10:58:05.713Z] <<< [apiv2][body] GET https://firebase.googleapis.com/v1beta1/projects/pinte-mieten {"projectId":"pinte-mieten","projectNumber":"535602354297","displayName":"pinte-mieten","name":"projects/pinte-mieten","resources":{"hostingSite":"pinte-mieten"},"state":"ACTIVE","etag":"1_24aed1ee-78db-4cd2-a2d2-1389186bad45"}
[info] i  functions: preparing codebase default for deployment 
[info] i  functions: ensuring required API cloudfunctions.googleapis.com is enabled... 
[info] i  functions: ensuring required API cloudbuild.googleapis.com is enabled... 
[info] i  artifactregistry: ensuring required API artifactregistry.googleapis.com is enabled... 
[debug] [2023-04-07T10:58:05.715Z] >>> [apiv2][query] GET https://serviceusage.googleapis.com/v1/projects/pinte-mieten/services/cloudfunctions.googleapis.com [none]
[debug] [2023-04-07T10:58:05.715Z] >>> [apiv2][(partial)header] GET https://serviceusage.googleapis.com/v1/projects/pinte-mieten/services/cloudfunctions.googleapis.com x-goog-quota-user=projects/pinte-mieten
[debug] [2023-04-07T10:58:05.717Z] >>> [apiv2][query] GET https://serviceusage.googleapis.com/v1/projects/pinte-mieten/services/runtimeconfig.googleapis.com [none]
[debug] [2023-04-07T10:58:05.717Z] >>> [apiv2][(partial)header] GET https://serviceusage.googleapis.com/v1/projects/pinte-mieten/services/runtimeconfig.googleapis.com x-goog-quota-user=projects/pinte-mieten
[debug] [2023-04-07T10:58:05.718Z] >>> [apiv2][query] GET https://serviceusage.googleapis.com/v1/projects/pinte-mieten/services/cloudbuild.googleapis.com [none]
[debug] [2023-04-07T10:58:05.718Z] >>> [apiv2][(partial)header] GET https://serviceusage.googleapis.com/v1/projects/pinte-mieten/services/cloudbuild.googleapis.com x-goog-quota-user=projects/pinte-mieten
[debug] [2023-04-07T10:58:05.719Z] >>> [apiv2][query] GET https://serviceusage.googleapis.com/v1/projects/pinte-mieten/services/artifactregistry.googleapis.com [none]
[debug] [2023-04-07T10:58:05.719Z] >>> [apiv2][(partial)header] GET https://serviceusage.googleapis.com/v1/projects/pinte-mieten/services/artifactregistry.googleapis.com x-goog-quota-user=projects/pinte-mieten
[debug] [2023-04-07T10:58:06.175Z] <<< [apiv2][status] GET https://serviceusage.googleapis.com/v1/projects/pinte-mieten/services/cloudbuild.googleapis.com 200
[debug] [2023-04-07T10:58:06.175Z] <<< [apiv2][body] GET https://serviceusage.googleapis.com/v1/projects/pinte-mieten/services/cloudbuild.googleapis.com [omitted]
[info] ✔  functions: required API cloudbuild.googleapis.com is enabled 
[debug] [2023-04-07T10:58:06.712Z] <<< [apiv2][status] GET https://serviceusage.googleapis.com/v1/projects/pinte-mieten/services/artifactregistry.googleapis.com 200
[debug] [2023-04-07T10:58:06.713Z] <<< [apiv2][body] GET https://serviceusage.googleapis.com/v1/projects/pinte-mieten/services/artifactregistry.googleapis.com [omitted]
[info] ✔  artifactregistry: required API artifactregistry.googleapis.com is enabled 
[debug] [2023-04-07T10:58:06.714Z] <<< [apiv2][status] GET https://serviceusage.googleapis.com/v1/projects/pinte-mieten/services/runtimeconfig.googleapis.com 200
[debug] [2023-04-07T10:58:06.714Z] <<< [apiv2][body] GET https://serviceusage.googleapis.com/v1/projects/pinte-mieten/services/runtimeconfig.googleapis.com [omitted]
[debug] [2023-04-07T10:58:06.715Z] <<< [apiv2][status] GET https://serviceusage.googleapis.com/v1/projects/pinte-mieten/services/cloudfunctions.googleapis.com 200
[debug] [2023-04-07T10:58:06.715Z] <<< [apiv2][body] GET https://serviceusage.googleapis.com/v1/projects/pinte-mieten/services/cloudfunctions.googleapis.com [omitted]
[info] ✔  functions: required API cloudfunctions.googleapis.com is enabled 
[debug] [2023-04-07T10:58:06.716Z] >>> [apiv2][query] GET https://firebase.googleapis.com/v1beta1/projects/pinte-mieten/adminSdkConfig [none]
[debug] [2023-04-07T10:58:06.934Z] <<< [apiv2][status] GET https://firebase.googleapis.com/v1beta1/projects/pinte-mieten/adminSdkConfig 200
[debug] [2023-04-07T10:58:06.934Z] <<< [apiv2][body] GET https://firebase.googleapis.com/v1beta1/projects/pinte-mieten/adminSdkConfig {"projectId":"pinte-mieten","storageBucket":"pinte-mieten.appspot.com"}
[debug] [2023-04-07T10:58:06.935Z] >>> [apiv2][query] GET https://runtimeconfig.googleapis.com/v1beta1/projects/pinte-mieten/configs [none]
[debug] [2023-04-07T10:58:07.178Z] <<< [apiv2][status] GET https://runtimeconfig.googleapis.com/v1beta1/projects/pinte-mieten/configs 200
[debug] [2023-04-07T10:58:07.179Z] <<< [apiv2][body] GET https://runtimeconfig.googleapis.com/v1beta1/projects/pinte-mieten/configs {}
[debug] [2023-04-07T10:58:07.180Z] Validating nodejs source
[debug] [2023-04-07T10:58:07.942Z] > [functions] package.json contents: {
  "name": "functions",
  "scripts": {
    "lint": "eslint --ext .js,.ts . --fix",
    "build": "tsc",
    "build:watch": "tsc --watch",
    "serve": "npm run build && firebase emulators:start --only functions",
    "shell": "npm run build && firebase functions:shell",
    "start": "npm run shell",
    "deploy": "firebase deploy --only functions",
    "logs": "firebase functions:log"
  },
  "engines": {
    "node": "16"
  },
  "main": "lib/index.js",
  "dependencies": {
    "firebase-admin": "^11.5.0",
    "firebase-functions": "^4.2.0",
    "nodemailer": "^6.9.1"
  },
  "devDependencies": {
    "@types/nodemailer": "^6.4.7",
    "@typescript-eslint/eslint-plugin": "^5.12.0",
    "@typescript-eslint/parser": "^5.12.0",
    "eslint": "^8.9.0",
    "eslint-config-google": "^0.14.0",
    "eslint-plugin-import": "^2.25.4",
    "firebase-functions-test": "^3.0.0",
    "typescript": "^4.9.0"
  },
  "private": true
}
[debug] [2023-04-07T10:58:07.942Z] Building nodejs source
[debug] [2023-04-07T10:58:07.943Z] Could not find functions.yaml. Must use http discovery
[debug] [2023-04-07T10:58:07.955Z] Found firebase-functions binary at '/Users/timsigl/Documents/pinte-mieten/functions/node_modules/.bin/firebase-functions'
[debug] [2023-04-07T10:58:08.166Z] Serving at port 8418

[debug] [2023-04-07T10:58:08.524Z] Got response from /__/functions.yaml {"endpoints":{"reserve":{"platform":"gcfv1","availableMemoryMb":null,"timeoutSeconds":null,"minInstances":null,"maxInstances":null,"ingressSettings":null,"serviceAccountEmail":null,"vpc":null,"httpsTrigger":{},"entryPoint":"reserve"}},"specVersion":"v1alpha1","requiredAPIs":[]}
[debug] [2023-04-07T10:58:08.532Z] shutdown requested via /__/quitquitquit

[info] i  functions: Loaded environment variables from .env. 
[info] i  functions: preparing functions directory for uploading... 
[info] i  functions: packaged /Users/timsigl/Documents/pinte-mieten/functions (174.13 KB) for uploading 
[debug] [2023-04-07T10:58:08.651Z] >>> [apiv2][query] GET https://cloudfunctions.googleapis.com/v1/projects/pinte-mieten/locations/-/functions [none]
[debug] [2023-04-07T10:58:09.164Z] <<< [apiv2][status] GET https://cloudfunctions.googleapis.com/v1/projects/pinte-mieten/locations/-/functions 200
[debug] [2023-04-07T10:58:09.164Z] <<< [apiv2][body] GET https://cloudfunctions.googleapis.com/v1/projects/pinte-mieten/locations/-/functions {"functions":[{"name":"projects/pinte-mieten/locations/us-central1/functions/reserve","httpsTrigger":{"url":"https://us-central1-pinte-mieten.cloudfunctions.net/reserve","securityLevel":"SECURE_ALWAYS"},"status":"ACTIVE","entryPoint":"reserve","timeout":"60s","availableMemoryMb":256,"serviceAccountEmail":"pinte-mieten@appspot.gserviceaccount.com","updateTime":"2023-04-04T18:51:39.244Z","versionId":"5","labels":{"deployment-tool":"cli-firebase","firebase-functions-hash":"eb8ece2fa2d279cb4530988353c950bff0122c63"},"sourceUploadUrl":"https://storage.googleapis.com/uploads-357464821068.us-central1.cloudfunctions.appspot.com/69b0afc0-7a3e-4d74-b67a-8dc3356a71c5.zip","environmentVariables":{"MAIL_PASSWORD":"ghthwbahmgdnzjaj","FIREBASE_CONFIG":"{\"projectId\":\"pinte-mieten\",\"storageBucket\":\"pinte-mieten.appspot.com\"}","GCLOUD_PROJECT":"pinte-mieten","EVENTARC_CLOUD_EVENT_SOURCE":"projects/pinte-mieten/locations/us-central1/functions/reserve"},"runtime":"nodejs16","ingressSettings":"ALLOW_ALL","buildId":"09e9cada-0ee6-4a6f-9939-30b2ac54024d","buildName":"projects/535602354297/locations/us-central1/builds/09e9cada-0ee6-4a6f-9939-30b2ac54024d","dockerRegistry":"ARTIFACT_REGISTRY"}]}
[debug] [2023-04-07T10:58:09.166Z] >>> [apiv2][query] GET https://cloudfunctions.googleapis.com/v2/projects/pinte-mieten/locations/-/functions filter=environment%3D%22GEN_2%22
[debug] [2023-04-07T10:58:10.154Z] <<< [apiv2][status] GET https://cloudfunctions.googleapis.com/v2/projects/pinte-mieten/locations/-/functions 200
[debug] [2023-04-07T10:58:10.154Z] <<< [apiv2][body] GET https://cloudfunctions.googleapis.com/v2/projects/pinte-mieten/locations/-/functions {}
[debug] [2023-04-07T10:58:10.160Z] >>> [apiv2][query] GET https://firebase.googleapis.com/v1beta1/projects/pinte-mieten [none]
[debug] [2023-04-07T10:58:10.374Z] <<< [apiv2][status] GET https://firebase.googleapis.com/v1beta1/projects/pinte-mieten 200
[debug] [2023-04-07T10:58:10.374Z] <<< [apiv2][body] GET https://firebase.googleapis.com/v1beta1/projects/pinte-mieten {"projectId":"pinte-mieten","projectNumber":"535602354297","displayName":"pinte-mieten","name":"projects/pinte-mieten","resources":{"hostingSite":"pinte-mieten"},"state":"ACTIVE","etag":"1_24aed1ee-78db-4cd2-a2d2-1389186bad45"}
[debug] [2023-04-07T10:58:10.377Z] >>> [apiv2][query] POST https://firebasehosting.googleapis.com/v1beta1/projects/-/sites/pinte-mieten/versions [none]
[debug] [2023-04-07T10:58:10.378Z] >>> [apiv2][body] POST https://firebasehosting.googleapis.com/v1beta1/projects/-/sites/pinte-mieten/versions {"status":"CREATED","labels":{"deployment-tool":"cli-firebase"}}
[debug] [2023-04-07T10:58:11.677Z] <<< [apiv2][status] POST https://firebasehosting.googleapis.com/v1beta1/projects/-/sites/pinte-mieten/versions 200
[debug] [2023-04-07T10:58:11.678Z] <<< [apiv2][body] POST https://firebasehosting.googleapis.com/v1beta1/projects/-/sites/pinte-mieten/versions {"name":"projects/535602354297/sites/pinte-mieten/versions/dfa11e8ba06f1110","status":"CREATED","config":{},"labels":{"deployment-tool":"cli-firebase"}}
[debug] [2023-04-07T10:58:11.679Z] >>> [apiv2][query] POST https://cloudfunctions.googleapis.com/v1/projects/pinte-mieten/locations/us-central1/functions:generateUploadUrl [none]
[debug] [2023-04-07T10:58:11.679Z] >>> [apiv2][body] POST https://cloudfunctions.googleapis.com/v1/projects/pinte-mieten/locations/us-central1/functions:generateUploadUrl {}
[debug] [2023-04-07T10:58:12.165Z] <<< [apiv2][status] POST https://cloudfunctions.googleapis.com/v1/projects/pinte-mieten/locations/us-central1/functions:generateUploadUrl 200
[debug] [2023-04-07T10:58:12.165Z] <<< [apiv2][body] POST https://cloudfunctions.googleapis.com/v1/projects/pinte-mieten/locations/us-central1/functions:generateUploadUrl {"uploadUrl":"https://storage.googleapis.com/uploads-357464821068.us-central1.cloudfunctions.appspot.com/28f935e4-ef90-4eb5-8275-e925b0647fce.zip?GoogleAccessId=service-535602354297@gcf-admin-robot.iam.gserviceaccount.com&Expires=1680866892&Signature=A4u6Nrq1c25d4A5m3rSWa7yU5Hcq5lZNoG54GeIQILvywrp%2BCuSIRQ0VbK9rxZndBjBwOeCdmUIZpPtrA3IAqdqtTFuNNaJ9J%2Bz9gYMXStDhMkjgGnj2AHQWSeWN3B3PLtMEGz2NyUgt1MqahXmaOowxiepiZmNoWDVzbSxTzophoTGcbwQ7B%2BmcDUy4ViOVNmoa4TRHGfZ0%2FvHX0qSHtofokJhHurq024SmYo%2BxedzGf6mohd3mFOYGVawhi5g1bcZxOFcwmxr%2BgKLpSFov2Ir9z1e7Liye3lex8s4rAa3R4DIZsyKijLKzLTS%2FXivLHqmvKf8E7uzrLNNWsld6jw%3D%3D"}
[debug] [2023-04-07T10:58:12.166Z] >>> [apiv2][query] PUT https://storage.googleapis.com/uploads-357464821068.us-central1.cloudfunctions.appspot.com/28f935e4-ef90-4eb5-8275-e925b0647fce.zip GoogleAccessId=service-535602354297%40gcf-admin-robot.iam.gserviceaccount.com&Expires=1680866892&Signature=A4u6Nrq1c25d4A5m3rSWa7yU5Hcq5lZNoG54GeIQILvywrp%2BCuSIRQ0VbK9rxZndBjBwOeCdmUIZpPtrA3IAqdqtTFuNNaJ9J%2Bz9gYMXStDhMkjgGnj2AHQWSeWN3B3PLtMEGz2NyUgt1MqahXmaOowxiepiZmNoWDVzbSxTzophoTGcbwQ7B%2BmcDUy4ViOVNmoa4TRHGfZ0%2FvHX0qSHtofokJhHurq024SmYo%2BxedzGf6mohd3mFOYGVawhi5g1bcZxOFcwmxr%2BgKLpSFov2Ir9z1e7Liye3lex8s4rAa3R4DIZsyKijLKzLTS%2FXivLHqmvKf8E7uzrLNNWsld6jw%3D%3D
[debug] [2023-04-07T10:58:12.167Z] >>> [apiv2][body] PUT https://storage.googleapis.com/uploads-357464821068.us-central1.cloudfunctions.appspot.com/28f935e4-ef90-4eb5-8275-e925b0647fce.zip [stream]
[debug] [2023-04-07T10:58:12.600Z] <<< [apiv2][status] PUT https://storage.googleapis.com/uploads-357464821068.us-central1.cloudfunctions.appspot.com/28f935e4-ef90-4eb5-8275-e925b0647fce.zip 200
[debug] [2023-04-07T10:58:12.600Z] <<< [apiv2][body] PUT https://storage.googleapis.com/uploads-357464821068.us-central1.cloudfunctions.appspot.com/28f935e4-ef90-4eb5-8275-e925b0647fce.zip [omitted]
[info] ✔  functions: functions folder uploaded successfully 
[info] i  hosting[pinte-mieten]: beginning deploy... 
[info] i  hosting[pinte-mieten]: found 13 files in build 
[debug] [2023-04-07T10:58:12.611Z] [hosting] uploading with 200 concurrency
[debug] [2023-04-07T10:58:12.780Z] [hosting] hash cache [YnVpbGQ] stored for 13 files
[debug] [2023-04-07T10:58:12.780Z] [hosting][hash queue][FINAL] {"max":160,"min":6,"avg":23.384615384615383,"active":0,"complete":13,"success":13,"errored":0,"retried":0,"total":13,"elapsed":166}
[debug] [2023-04-07T10:58:12.780Z] >>> [apiv2][query] POST https://firebasehosting.googleapis.com/v1beta1/projects/535602354297/sites/pinte-mieten/versions/dfa11e8ba06f1110:populateFiles [none]
[debug] [2023-04-07T10:58:12.780Z] >>> [apiv2][body] POST https://firebasehosting.googleapis.com/v1beta1/projects/535602354297/sites/pinte-mieten/versions/dfa11e8ba06f1110:populateFiles {"files":{"/index.html":"b0c51aa2a3d212998cd1e8bc0a3095795c4f3090f6df91e33eb0a7261b35dda1","/asset-manifest.json":"c34ce22ea05870eba3655a45d713e80b7e222f9501981faabe0c52af788e8b50","/robots.txt":"391d14b3c2f8c9143a27a28c7399585142228d4d1bdbe2c87ac946de411fa9a2","/manifest.json":"341d52628782f8ac9290bbfc43298afccb47b7cbfcee146ae30cf0f46bc30900","/logo192.png":"caff018b7f1e8fd481eb1c50d75b0ef236bcd5078b1d15c8bb348453fee30293","/static/css/main.c11f98ce.css":"705389ce3926f5478a390c66e2337f9b068a5515fcfef0ea043ca8f8ab5b705c","/logo512.png":"191fc21360b4ccfb1cda11a1efb97f489ed22672ca83f4064316802bbfdd750e","/static/js/main.52f1f509.js.LICENSE.txt":"51d661b9f06db1e544b52d2cf226d67371b12776c4ce8ee67adbd4fc5ddd635e","/static/css/main.c11f98ce.css.map":"9a275dbf3611a985eaf9588e5976920be0b35e3c53ef7c4078839229f6e4dc4f","/static/media/pinte_logo.e42845c4f71dfb872e31.png":"4ec087469754f391fd0c8367bdb730f86fbb7c78f54a55497e19573f22bac556","/static/js/main.52f1f509.js":"25e784496a26b8bb88e2d347a9700e3a2420717b792003285047c703ad35e140","/favicon.ico":"5a4da89ac072ebc0b6d6f96ea2964c9841ab657bdd18218f60f4b2dcdb2e9f47","/static/js/main.52f1f509.js.map":"e1074811c9710ede3cf229c427dd36ce02ba178ebfd4c9ed82946019c120adea"}}
[debug] [2023-04-07T10:58:13.092Z] <<< [apiv2][status] POST https://firebasehosting.googleapis.com/v1beta1/projects/535602354297/sites/pinte-mieten/versions/dfa11e8ba06f1110:populateFiles 200
[debug] [2023-04-07T10:58:13.092Z] <<< [apiv2][body] POST https://firebasehosting.googleapis.com/v1beta1/projects/535602354297/sites/pinte-mieten/versions/dfa11e8ba06f1110:populateFiles {"uploadRequiredHashes":["9a275dbf3611a985eaf9588e5976920be0b35e3c53ef7c4078839229f6e4dc4f","25e784496a26b8bb88e2d347a9700e3a2420717b792003285047c703ad35e140","5a4da89ac072ebc0b6d6f96ea2964c9841ab657bdd18218f60f4b2dcdb2e9f47","c34ce22ea05870eba3655a45d713e80b7e222f9501981faabe0c52af788e8b50","e1074811c9710ede3cf229c427dd36ce02ba178ebfd4c9ed82946019c120adea","b0c51aa2a3d212998cd1e8bc0a3095795c4f3090f6df91e33eb0a7261b35dda1","705389ce3926f5478a390c66e2337f9b068a5515fcfef0ea043ca8f8ab5b705c"],"uploadUrl":"https://upload-firebasehosting.googleapis.com/upload/sites/pinte-mieten/versions/dfa11e8ba06f1110/files"}
[debug] [2023-04-07T10:58:13.094Z] >>> [apiv2][query] POST https://upload-firebasehosting.googleapis.com/upload/sites/pinte-mieten/versions/dfa11e8ba06f1110/files/9a275dbf3611a985eaf9588e5976920be0b35e3c53ef7c4078839229f6e4dc4f [none]
[debug] [2023-04-07T10:58:13.094Z] >>> [apiv2][body] POST https://upload-firebasehosting.googleapis.com/upload/sites/pinte-mieten/versions/dfa11e8ba06f1110/files/9a275dbf3611a985eaf9588e5976920be0b35e3c53ef7c4078839229f6e4dc4f [stream]
[debug] [2023-04-07T10:58:13.095Z] >>> [apiv2][query] POST https://upload-firebasehosting.googleapis.com/upload/sites/pinte-mieten/versions/dfa11e8ba06f1110/files/25e784496a26b8bb88e2d347a9700e3a2420717b792003285047c703ad35e140 [none]
[debug] [2023-04-07T10:58:13.095Z] >>> [apiv2][body] POST https://upload-firebasehosting.googleapis.com/upload/sites/pinte-mieten/versions/dfa11e8ba06f1110/files/25e784496a26b8bb88e2d347a9700e3a2420717b792003285047c703ad35e140 [stream]
[debug] [2023-04-07T10:58:13.096Z] >>> [apiv2][query] POST https://upload-firebasehosting.googleapis.com/upload/sites/pinte-mieten/versions/dfa11e8ba06f1110/files/5a4da89ac072ebc0b6d6f96ea2964c9841ab657bdd18218f60f4b2dcdb2e9f47 [none]
[debug] [2023-04-07T10:58:13.096Z] >>> [apiv2][body] POST https://upload-firebasehosting.googleapis.com/upload/sites/pinte-mieten/versions/dfa11e8ba06f1110/files/5a4da89ac072ebc0b6d6f96ea2964c9841ab657bdd18218f60f4b2dcdb2e9f47 [stream]
[debug] [2023-04-07T10:58:13.096Z] >>> [apiv2][query] POST https://upload-firebasehosting.googleapis.com/upload/sites/pinte-mieten/versions/dfa11e8ba06f1110/files/c34ce22ea05870eba3655a45d713e80b7e222f9501981faabe0c52af788e8b50 [none]
[debug] [2023-04-07T10:58:13.096Z] >>> [apiv2][body] POST https://upload-firebasehosting.googleapis.com/upload/sites/pinte-mieten/versions/dfa11e8ba06f1110/files/c34ce22ea05870eba3655a45d713e80b7e222f9501981faabe0c52af788e8b50 [stream]
[debug] [2023-04-07T10:58:13.097Z] >>> [apiv2][query] POST https://upload-firebasehosting.googleapis.com/upload/sites/pinte-mieten/versions/dfa11e8ba06f1110/files/e1074811c9710ede3cf229c427dd36ce02ba178ebfd4c9ed82946019c120adea [none]
[debug] [2023-04-07T10:58:13.097Z] >>> [apiv2][body] POST https://upload-firebasehosting.googleapis.com/upload/sites/pinte-mieten/versions/dfa11e8ba06f1110/files/e1074811c9710ede3cf229c427dd36ce02ba178ebfd4c9ed82946019c120adea [stream]
[debug] [2023-04-07T10:58:13.098Z] >>> [apiv2][query] POST https://upload-firebasehosting.googleapis.com/upload/sites/pinte-mieten/versions/dfa11e8ba06f1110/files/b0c51aa2a3d212998cd1e8bc0a3095795c4f3090f6df91e33eb0a7261b35dda1 [none]
[debug] [2023-04-07T10:58:13.098Z] >>> [apiv2][body] POST https://upload-firebasehosting.googleapis.com/upload/sites/pinte-mieten/versions/dfa11e8ba06f1110/files/b0c51aa2a3d212998cd1e8bc0a3095795c4f3090f6df91e33eb0a7261b35dda1 [stream]
[debug] [2023-04-07T10:58:13.098Z] >>> [apiv2][query] POST https://upload-firebasehosting.googleapis.com/upload/sites/pinte-mieten/versions/dfa11e8ba06f1110/files/705389ce3926f5478a390c66e2337f9b068a5515fcfef0ea043ca8f8ab5b705c [none]
[debug] [2023-04-07T10:58:13.099Z] >>> [apiv2][body] POST https://upload-firebasehosting.googleapis.com/upload/sites/pinte-mieten/versions/dfa11e8ba06f1110/files/705389ce3926f5478a390c66e2337f9b068a5515fcfef0ea043ca8f8ab5b705c [stream]
[debug] [2023-04-07T10:58:13.099Z] [hosting][populate queue][FINAL] {"max":316,"min":316,"avg":316,"active":0,"complete":1,"success":1,"errored":0,"retried":0,"total":1,"elapsed":322}
[debug] [2023-04-07T10:58:13.100Z] [hosting] uploads queued: 7
[debug] [2023-04-07T10:58:14.153Z] <<< [apiv2][status] POST https://upload-firebasehosting.googleapis.com/upload/sites/pinte-mieten/versions/dfa11e8ba06f1110/files/705389ce3926f5478a390c66e2337f9b068a5515fcfef0ea043ca8f8ab5b705c 200
[debug] [2023-04-07T10:58:14.154Z] <<< [apiv2][body] POST https://upload-firebasehosting.googleapis.com/upload/sites/pinte-mieten/versions/dfa11e8ba06f1110/files/705389ce3926f5478a390c66e2337f9b068a5515fcfef0ea043ca8f8ab5b705c [stream]
[debug] [2023-04-07T10:58:14.154Z] <<< [apiv2][status] POST https://upload-firebasehosting.googleapis.com/upload/sites/pinte-mieten/versions/dfa11e8ba06f1110/files/9a275dbf3611a985eaf9588e5976920be0b35e3c53ef7c4078839229f6e4dc4f 200
[debug] [2023-04-07T10:58:14.154Z] <<< [apiv2][body] POST https://upload-firebasehosting.googleapis.com/upload/sites/pinte-mieten/versions/dfa11e8ba06f1110/files/9a275dbf3611a985eaf9588e5976920be0b35e3c53ef7c4078839229f6e4dc4f [stream]
[debug] [2023-04-07T10:58:14.188Z] <<< [apiv2][status] POST https://upload-firebasehosting.googleapis.com/upload/sites/pinte-mieten/versions/dfa11e8ba06f1110/files/5a4da89ac072ebc0b6d6f96ea2964c9841ab657bdd18218f60f4b2dcdb2e9f47 200
[debug] [2023-04-07T10:58:14.189Z] <<< [apiv2][body] POST https://upload-firebasehosting.googleapis.com/upload/sites/pinte-mieten/versions/dfa11e8ba06f1110/files/5a4da89ac072ebc0b6d6f96ea2964c9841ab657bdd18218f60f4b2dcdb2e9f47 [stream]
[debug] [2023-04-07T10:58:14.197Z] <<< [apiv2][status] POST https://upload-firebasehosting.googleapis.com/upload/sites/pinte-mieten/versions/dfa11e8ba06f1110/files/c34ce22ea05870eba3655a45d713e80b7e222f9501981faabe0c52af788e8b50 200
[debug] [2023-04-07T10:58:14.197Z] <<< [apiv2][body] POST https://upload-firebasehosting.googleapis.com/upload/sites/pinte-mieten/versions/dfa11e8ba06f1110/files/c34ce22ea05870eba3655a45d713e80b7e222f9501981faabe0c52af788e8b50 [stream]
[debug] [2023-04-07T10:58:14.218Z] <<< [apiv2][status] POST https://upload-firebasehosting.googleapis.com/upload/sites/pinte-mieten/versions/dfa11e8ba06f1110/files/25e784496a26b8bb88e2d347a9700e3a2420717b792003285047c703ad35e140 200
[debug] [2023-04-07T10:58:14.218Z] <<< [apiv2][body] POST https://upload-firebasehosting.googleapis.com/upload/sites/pinte-mieten/versions/dfa11e8ba06f1110/files/25e784496a26b8bb88e2d347a9700e3a2420717b792003285047c703ad35e140 [stream]
[debug] [2023-04-07T10:58:14.327Z] <<< [apiv2][status] POST https://upload-firebasehosting.googleapis.com/upload/sites/pinte-mieten/versions/dfa11e8ba06f1110/files/b0c51aa2a3d212998cd1e8bc0a3095795c4f3090f6df91e33eb0a7261b35dda1 200
[debug] [2023-04-07T10:58:14.328Z] <<< [apiv2][body] POST https://upload-firebasehosting.googleapis.com/upload/sites/pinte-mieten/versions/dfa11e8ba06f1110/files/b0c51aa2a3d212998cd1e8bc0a3095795c4f3090f6df91e33eb0a7261b35dda1 [stream]
[debug] [2023-04-07T10:58:14.508Z] <<< [apiv2][status] POST https://upload-firebasehosting.googleapis.com/upload/sites/pinte-mieten/versions/dfa11e8ba06f1110/files/e1074811c9710ede3cf229c427dd36ce02ba178ebfd4c9ed82946019c120adea 200
[debug] [2023-04-07T10:58:14.508Z] <<< [apiv2][body] POST https://upload-firebasehosting.googleapis.com/upload/sites/pinte-mieten/versions/dfa11e8ba06f1110/files/e1074811c9710ede3cf229c427dd36ce02ba178ebfd4c9ed82946019c120adea [stream]
[debug] [2023-04-07T10:58:14.508Z] [hosting][upload queue][FINAL] {"max":1415,"min":1061,"avg":1157,"active":0,"complete":7,"success":7,"errored":0,"retried":0,"total":7,"elapsed":1416}
[info] ✔  hosting[pinte-mieten]: file upload complete 
[debug] [2023-04-07T10:58:14.509Z] [hosting] deploy completed after 1907ms
[info] i  functions: updating Node.js 16 function reserve(us-central1)... 
[debug] [2023-04-07T10:58:14.515Z] >>> [apiv2][query] PATCH https://cloudfunctions.googleapis.com/v1/projects/pinte-mieten/locations/us-central1/functions/reserve updateMask=name%2CsourceUploadUrl%2CentryPoint%2Cruntime%2CdockerRegistry%2Clabels%2ChttpsTrigger.securityLevel%2CminInstances%2CmaxInstances%2CingressSettings%2CenvironmentVariables%2CserviceAccountEmail%2CavailableMemoryMb%2Ctimeout%2CvpcConnector%2CvpcConnectorEgressSettings%2CsourceToken
[debug] [2023-04-07T10:58:14.515Z] >>> [apiv2][body] PATCH https://cloudfunctions.googleapis.com/v1/projects/pinte-mieten/locations/us-central1/functions/reserve {"name":"projects/pinte-mieten/locations/us-central1/functions/reserve","sourceUploadUrl":"https://storage.googleapis.com/uploads-357464821068.us-central1.cloudfunctions.appspot.com/28f935e4-ef90-4eb5-8275-e925b0647fce.zip?GoogleAccessId=service-535602354297@gcf-admin-robot.iam.gserviceaccount.com&Expires=1680866892&Signature=A4u6Nrq1c25d4A5m3rSWa7yU5Hcq5lZNoG54GeIQILvywrp%2BCuSIRQ0VbK9rxZndBjBwOeCdmUIZpPtrA3IAqdqtTFuNNaJ9J%2Bz9gYMXStDhMkjgGnj2AHQWSeWN3B3PLtMEGz2NyUgt1MqahXmaOowxiepiZmNoWDVzbSxTzophoTGcbwQ7B%2BmcDUy4ViOVNmoa4TRHGfZ0%2FvHX0qSHtofokJhHurq024SmYo%2BxedzGf6mohd3mFOYGVawhi5g1bcZxOFcwmxr%2BgKLpSFov2Ir9z1e7Liye3lex8s4rAa3R4DIZsyKijLKzLTS%2FXivLHqmvKf8E7uzrLNNWsld6jw%3D%3D","entryPoint":"reserve","runtime":"nodejs16","dockerRegistry":"ARTIFACT_REGISTRY","labels":{"deployment-tool":"cli-firebase","firebase-functions-hash":"5c7a69381d096020bef42a0ccbeafaf48ab61d55"},"httpsTrigger":{"securityLevel":"SECURE_ALWAYS"},"minInstances":null,"maxInstances":null,"ingressSettings":null,"environmentVariables":{"MAIL_PASSWORD":"ghthwbahmgdnzjaj","FIREBASE_CONFIG":"{\"projectId\":\"pinte-mieten\",\"storageBucket\":\"pinte-mieten.appspot.com\"}","GCLOUD_PROJECT":"pinte-mieten","EVENTARC_CLOUD_EVENT_SOURCE":"projects/pinte-mieten/locations/us-central1/functions/reserve"},"serviceAccountEmail":null,"availableMemoryMb":null,"timeout":null,"vpcConnector":null,"vpcConnectorEgressSettings":null}
[debug] [2023-04-07T10:58:15.000Z] <<< [apiv2][status] PATCH https://cloudfunctions.googleapis.com/v1/projects/pinte-mieten/locations/us-central1/functions/reserve 200
[debug] [2023-04-07T10:58:15.000Z] <<< [apiv2][body] PATCH https://cloudfunctions.googleapis.com/v1/projects/pinte-mieten/locations/us-central1/functions/reserve {"name":"operations/cGludGUtbWlldGVuL3VzLWNlbnRyYWwxL3Jlc2VydmUvYzdXYzY5TnpsMWc","metadata":{"@type":"type.googleapis.com/google.cloud.functions.v1.OperationMetadataV1","target":"projects/pinte-mieten/locations/us-central1/functions/reserve","type":"UPDATE_FUNCTION","request":{"@type":"type.googleapis.com/google.cloud.functions.v1.CloudFunction","name":"projects/pinte-mieten/locations/us-central1/functions/reserve","httpsTrigger":{"url":"https://us-central1-pinte-mieten.cloudfunctions.net/reserve","securityLevel":"SECURE_ALWAYS"},"status":"ACTIVE","entryPoint":"reserve","updateTime":"2023-04-04T18:51:39.244Z","versionId":"5","labels":{"deployment-tool":"cli-firebase","firebase-functions-hash":"5c7a69381d096020bef42a0ccbeafaf48ab61d55"},"sourceUploadUrl":"https://storage.googleapis.com/uploads-357464821068.us-central1.cloudfunctions.appspot.com/28f935e4-ef90-4eb5-8275-e925b0647fce.zip?GoogleAccessId=service-535602354297@gcf-admin-robot.iam.gserviceaccount.com&Expires=1680866892&Signature=A4u6Nrq1c25d4A5m3rSWa7yU5Hcq5lZNoG54GeIQILvywrp%2BCuSIRQ0VbK9rxZndBjBwOeCdmUIZpPtrA3IAqdqtTFuNNaJ9J%2Bz9gYMXStDhMkjgGnj2AHQWSeWN3B3PLtMEGz2NyUgt1MqahXmaOowxiepiZmNoWDVzbSxTzophoTGcbwQ7B%2BmcDUy4ViOVNmoa4TRHGfZ0%2FvHX0qSHtofokJhHurq024SmYo%2BxedzGf6mohd3mFOYGVawhi5g1bcZxOFcwmxr%2BgKLpSFov2Ir9z1e7Liye3lex8s4rAa3R4DIZsyKijLKzLTS%2FXivLHqmvKf8E7uzrLNNWsld6jw%3D%3D","environmentVariables":{"MAIL_PASSWORD":"ghthwbahmgdnzjaj","FIREBASE_CONFIG":"{\"projectId\":\"pinte-mieten\",\"storageBucket\":\"pinte-mieten.appspot.com\"}","GCLOUD_PROJECT":"pinte-mieten","EVENTARC_CLOUD_EVENT_SOURCE":"projects/pinte-mieten/locations/us-central1/functions/reserve"},"runtime":"nodejs16","buildId":"09e9cada-0ee6-4a6f-9939-30b2ac54024d","buildName":"projects/535602354297/locations/us-central1/builds/09e9cada-0ee6-4a6f-9939-30b2ac54024d","dockerRegistry":"ARTIFACT_REGISTRY"},"versionId":"6","updateTime":"2023-04-07T10:58:14Z"}}
[debug] [2023-04-07T10:58:15.002Z] >>> [apiv2][query] GET https://cloudfunctions.googleapis.com/v1/operations/cGludGUtbWlldGVuL3VzLWNlbnRyYWwxL3Jlc2VydmUvYzdXYzY5TnpsMWc [none]
[debug] [2023-04-07T10:58:15.181Z] <<< [apiv2][status] GET https://cloudfunctions.googleapis.com/v1/operations/cGludGUtbWlldGVuL3VzLWNlbnRyYWwxL3Jlc2VydmUvYzdXYzY5TnpsMWc 200
[debug] [2023-04-07T10:58:15.181Z] <<< [apiv2][body] GET https://cloudfunctions.googleapis.com/v1/operations/cGludGUtbWlldGVuL3VzLWNlbnRyYWwxL3Jlc2VydmUvYzdXYzY5TnpsMWc {"name":"operations/cGludGUtbWlldGVuL3VzLWNlbnRyYWwxL3Jlc2VydmUvYzdXYzY5TnpsMWc","metadata":{"@type":"type.googleapis.com/google.cloud.functions.v1.OperationMetadataV1","target":"projects/pinte-mieten/locations/us-central1/functions/reserve","type":"UPDATE_FUNCTION","request":{"@type":"type.googleapis.com/google.cloud.functions.v1.CloudFunction","name":"projects/pinte-mieten/locations/us-central1/functions/reserve","httpsTrigger":{"url":"https://us-central1-pinte-mieten.cloudfunctions.net/reserve","securityLevel":"SECURE_ALWAYS"},"status":"ACTIVE","entryPoint":"reserve","updateTime":"2023-04-04T18:51:39.244Z","versionId":"5","labels":{"deployment-tool":"cli-firebase","firebase-functions-hash":"5c7a69381d096020bef42a0ccbeafaf48ab61d55"},"sourceUploadUrl":"https://storage.googleapis.com/uploads-357464821068.us-central1.cloudfunctions.appspot.com/28f935e4-ef90-4eb5-8275-e925b0647fce.zip?GoogleAccessId=service-535602354297@gcf-admin-robot.iam.gserviceaccount.com&Expires=1680866892&Signature=A4u6Nrq1c25d4A5m3rSWa7yU5Hcq5lZNoG54GeIQILvywrp%2BCuSIRQ0VbK9rxZndBjBwOeCdmUIZpPtrA3IAqdqtTFuNNaJ9J%2Bz9gYMXStDhMkjgGnj2AHQWSeWN3B3PLtMEGz2NyUgt1MqahXmaOowxiepiZmNoWDVzbSxTzophoTGcbwQ7B%2BmcDUy4ViOVNmoa4TRHGfZ0%2FvHX0qSHtofokJhHurq024SmYo%2BxedzGf6mohd3mFOYGVawhi5g1bcZxOFcwmxr%2BgKLpSFov2Ir9z1e7Liye3lex8s4rAa3R4DIZsyKijLKzLTS%2FXivLHqmvKf8E7uzrLNNWsld6jw%3D%3D","environmentVariables":{"MAIL_PASSWORD":"ghthwbahmgdnzjaj","FIREBASE_CONFIG":"{\"projectId\":\"pinte-mieten\",\"storageBucket\":\"pinte-mieten.appspot.com\"}","GCLOUD_PROJECT":"pinte-mieten","EVENTARC_CLOUD_EVENT_SOURCE":"projects/pinte-mieten/locations/us-central1/functions/reserve"},"runtime":"nodejs16","buildId":"09e9cada-0ee6-4a6f-9939-30b2ac54024d","buildName":"projects/535602354297/locations/us-central1/builds/09e9cada-0ee6-4a6f-9939-30b2ac54024d","dockerRegistry":"ARTIFACT_REGISTRY"},"versionId":"6","updateTime":"2023-04-07T10:58:15Z"}}
[debug] [2023-04-07T10:58:15.682Z] [update-default-us-central1-reserve] Retrying task index 0
[debug] [2023-04-07T10:58:15.683Z] >>> [apiv2][query] GET https://cloudfunctions.googleapis.com/v1/operations/cGludGUtbWlldGVuL3VzLWNlbnRyYWwxL3Jlc2VydmUvYzdXYzY5TnpsMWc [none]
[debug] [2023-04-07T10:58:15.863Z] <<< [apiv2][status] GET https://cloudfunctions.googleapis.com/v1/operations/cGludGUtbWlldGVuL3VzLWNlbnRyYWwxL3Jlc2VydmUvYzdXYzY5TnpsMWc 200
[debug] [2023-04-07T10:58:15.864Z] <<< [apiv2][body] GET https://cloudfunctions.googleapis.com/v1/operations/cGludGUtbWlldGVuL3VzLWNlbnRyYWwxL3Jlc2VydmUvYzdXYzY5TnpsMWc {"name":"operations/cGludGUtbWlldGVuL3VzLWNlbnRyYWwxL3Jlc2VydmUvYzdXYzY5TnpsMWc","metadata":{"@type":"type.googleapis.com/google.cloud.functions.v1.OperationMetadataV1","target":"projects/pinte-mieten/locations/us-central1/functions/reserve","type":"UPDATE_FUNCTION","request":{"@type":"type.googleapis.com/google.cloud.functions.v1.CloudFunction","name":"projects/pinte-mieten/locations/us-central1/functions/reserve","httpsTrigger":{"url":"https://us-central1-pinte-mieten.cloudfunctions.net/reserve","securityLevel":"SECURE_ALWAYS"},"status":"ACTIVE","entryPoint":"reserve","updateTime":"2023-04-04T18:51:39.244Z","versionId":"5","labels":{"deployment-tool":"cli-firebase","firebase-functions-hash":"5c7a69381d096020bef42a0ccbeafaf48ab61d55"},"sourceUploadUrl":"https://storage.googleapis.com/uploads-357464821068.us-central1.cloudfunctions.appspot.com/28f935e4-ef90-4eb5-8275-e925b0647fce.zip?GoogleAccessId=service-535602354297@gcf-admin-robot.iam.gserviceaccount.com&Expires=1680866892&Signature=A4u6Nrq1c25d4A5m3rSWa7yU5Hcq5lZNoG54GeIQILvywrp%2BCuSIRQ0VbK9rxZndBjBwOeCdmUIZpPtrA3IAqdqtTFuNNaJ9J%2Bz9gYMXStDhMkjgGnj2AHQWSeWN3B3PLtMEGz2NyUgt1MqahXmaOowxiepiZmNoWDVzbSxTzophoTGcbwQ7B%2BmcDUy4ViOVNmoa4TRHGfZ0%2FvHX0qSHtofokJhHurq024SmYo%2BxedzGf6mohd3mFOYGVawhi5g1bcZxOFcwmxr%2BgKLpSFov2Ir9z1e7Liye3lex8s4rAa3R4DIZsyKijLKzLTS%2FXivLHqmvKf8E7uzrLNNWsld6jw%3D%3D","environmentVariables":{"MAIL_PASSWORD":"ghthwbahmgdnzjaj","FIREBASE_CONFIG":"{\"projectId\":\"pinte-mieten\",\"storageBucket\":\"pinte-mieten.appspot.com\"}","GCLOUD_PROJECT":"pinte-mieten","EVENTARC_CLOUD_EVENT_SOURCE":"projects/pinte-mieten/locations/us-central1/functions/reserve"},"runtime":"nodejs16","buildId":"09e9cada-0ee6-4a6f-9939-30b2ac54024d","buildName":"projects/535602354297/locations/us-central1/builds/09e9cada-0ee6-4a6f-9939-30b2ac54024d","dockerRegistry":"ARTIFACT_REGISTRY"},"versionId":"6","updateTime":"2023-04-07T10:58:15Z"}}
[debug] [2023-04-07T10:58:16.863Z] [update-default-us-central1-reserve] Retrying task index 0
[debug] [2023-04-07T10:58:16.864Z] >>> [apiv2][query] GET https://cloudfunctions.googleapis.com/v1/operations/cGludGUtbWlldGVuL3VzLWNlbnRyYWwxL3Jlc2VydmUvYzdXYzY5TnpsMWc [none]
[debug] [2023-04-07T10:58:17.048Z] <<< [apiv2][status] GET https://cloudfunctions.googleapis.com/v1/operations/cGludGUtbWlldGVuL3VzLWNlbnRyYWwxL3Jlc2VydmUvYzdXYzY5TnpsMWc 200
[debug] [2023-04-07T10:58:17.048Z] <<< [apiv2][body] GET https://cloudfunctions.googleapis.com/v1/operations/cGludGUtbWlldGVuL3VzLWNlbnRyYWwxL3Jlc2VydmUvYzdXYzY5TnpsMWc {"name":"operations/cGludGUtbWlldGVuL3VzLWNlbnRyYWwxL3Jlc2VydmUvYzdXYzY5TnpsMWc","metadata":{"@type":"type.googleapis.com/google.cloud.functions.v1.OperationMetadataV1","target":"projects/pinte-mieten/locations/us-central1/functions/reserve","type":"UPDATE_FUNCTION","request":{"@type":"type.googleapis.com/google.cloud.functions.v1.CloudFunction","name":"projects/pinte-mieten/locations/us-central1/functions/reserve","httpsTrigger":{"url":"https://us-central1-pinte-mieten.cloudfunctions.net/reserve","securityLevel":"SECURE_ALWAYS"},"status":"ACTIVE","entryPoint":"reserve","updateTime":"2023-04-04T18:51:39.244Z","versionId":"5","labels":{"deployment-tool":"cli-firebase","firebase-functions-hash":"5c7a69381d096020bef42a0ccbeafaf48ab61d55"},"sourceUploadUrl":"https://storage.googleapis.com/uploads-357464821068.us-central1.cloudfunctions.appspot.com/28f935e4-ef90-4eb5-8275-e925b0647fce.zip?GoogleAccessId=service-535602354297@gcf-admin-robot.iam.gserviceaccount.com&Expires=1680866892&Signature=A4u6Nrq1c25d4A5m3rSWa7yU5Hcq5lZNoG54GeIQILvywrp%2BCuSIRQ0VbK9rxZndBjBwOeCdmUIZpPtrA3IAqdqtTFuNNaJ9J%2Bz9gYMXStDhMkjgGnj2AHQWSeWN3B3PLtMEGz2NyUgt1MqahXmaOowxiepiZmNoWDVzbSxTzophoTGcbwQ7B%2BmcDUy4ViOVNmoa4TRHGfZ0%2FvHX0qSHtofokJhHurq024SmYo%2BxedzGf6mohd3mFOYGVawhi5g1bcZxOFcwmxr%2BgKLpSFov2Ir9z1e7Liye3lex8s4rAa3R4DIZsyKijLKzLTS%2FXivLHqmvKf8E7uzrLNNWsld6jw%3D%3D","environmentVariables":{"MAIL_PASSWORD":"ghthwbahmgdnzjaj","FIREBASE_CONFIG":"{\"projectId\":\"pinte-mieten\",\"storageBucket\":\"pinte-mieten.appspot.com\"}","GCLOUD_PROJECT":"pinte-mieten","EVENTARC_CLOUD_EVENT_SOURCE":"projects/pinte-mieten/locations/us-central1/functions/reserve"},"runtime":"nodejs16","buildId":"09e9cada-0ee6-4a6f-9939-30b2ac54024d","buildName":"projects/535602354297/locations/us-central1/builds/09e9cada-0ee6-4a6f-9939-30b2ac54024d","dockerRegistry":"ARTIFACT_REGISTRY"},"versionId":"6","updateTime":"2023-04-07T10:58:15Z","buildId":"2176e98b-080c-4bcf-b1eb-92592d25d6b7","buildName":"projects/535602354297/locations/us-central1/builds/2176e98b-080c-4bcf-b1eb-92592d25d6b7"}}
[debug] [2023-04-07T10:58:19.049Z] [update-default-us-central1-reserve] Retrying task index 0
[debug] [2023-04-07T10:58:19.050Z] >>> [apiv2][query] GET https://cloudfunctions.googleapis.com/v1/operations/cGludGUtbWlldGVuL3VzLWNlbnRyYWwxL3Jlc2VydmUvYzdXYzY5TnpsMWc [none]
[debug] [2023-04-07T10:58:19.219Z] <<< [apiv2][status] GET https://cloudfunctions.googleapis.com/v1/operations/cGludGUtbWlldGVuL3VzLWNlbnRyYWwxL3Jlc2VydmUvYzdXYzY5TnpsMWc 200
[debug] [2023-04-07T10:58:19.219Z] <<< [apiv2][body] GET https://cloudfunctions.googleapis.com/v1/operations/cGludGUtbWlldGVuL3VzLWNlbnRyYWwxL3Jlc2VydmUvYzdXYzY5TnpsMWc {"name":"operations/cGludGUtbWlldGVuL3VzLWNlbnRyYWwxL3Jlc2VydmUvYzdXYzY5TnpsMWc","metadata":{"@type":"type.googleapis.com/google.cloud.functions.v1.OperationMetadataV1","target":"projects/pinte-mieten/locations/us-central1/functions/reserve","type":"UPDATE_FUNCTION","request":{"@type":"type.googleapis.com/google.cloud.functions.v1.CloudFunction","name":"projects/pinte-mieten/locations/us-central1/functions/reserve","httpsTrigger":{"url":"https://us-central1-pinte-mieten.cloudfunctions.net/reserve","securityLevel":"SECURE_ALWAYS"},"status":"ACTIVE","entryPoint":"reserve","updateTime":"2023-04-04T18:51:39.244Z","versionId":"5","labels":{"deployment-tool":"cli-firebase","firebase-functions-hash":"5c7a69381d096020bef42a0ccbeafaf48ab61d55"},"sourceUploadUrl":"https://storage.googleapis.com/uploads-357464821068.us-central1.cloudfunctions.appspot.com/28f935e4-ef90-4eb5-8275-e925b0647fce.zip?GoogleAccessId=service-535602354297@gcf-admin-robot.iam.gserviceaccount.com&Expires=1680866892&Signature=A4u6Nrq1c25d4A5m3rSWa7yU5Hcq5lZNoG54GeIQILvywrp%2BCuSIRQ0VbK9rxZndBjBwOeCdmUIZpPtrA3IAqdqtTFuNNaJ9J%2Bz9gYMXStDhMkjgGnj2AHQWSeWN3B3PLtMEGz2NyUgt1MqahXmaOowxiepiZmNoWDVzbSxTzophoTGcbwQ7B%2BmcDUy4ViOVNmoa4TRHGfZ0%2FvHX0qSHtofokJhHurq024SmYo%2BxedzGf6mohd3mFOYGVawhi5g1bcZxOFcwmxr%2BgKLpSFov2Ir9z1e7Liye3lex8s4rAa3R4DIZsyKijLKzLTS%2FXivLHqmvKf8E7uzrLNNWsld6jw%3D%3D","environmentVariables":{"MAIL_PASSWORD":"ghthwbahmgdnzjaj","FIREBASE_CONFIG":"{\"projectId\":\"pinte-mieten\",\"storageBucket\":\"pinte-mieten.appspot.com\"}","GCLOUD_PROJECT":"pinte-mieten","EVENTARC_CLOUD_EVENT_SOURCE":"projects/pinte-mieten/locations/us-central1/functions/reserve"},"runtime":"nodejs16","buildId":"09e9cada-0ee6-4a6f-9939-30b2ac54024d","buildName":"projects/535602354297/locations/us-central1/builds/09e9cada-0ee6-4a6f-9939-30b2ac54024d","dockerRegistry":"ARTIFACT_REGISTRY"},"versionId":"6","updateTime":"2023-04-07T10:58:15Z","buildId":"2176e98b-080c-4bcf-b1eb-92592d25d6b7","buildName":"projects/535602354297/locations/us-central1/builds/2176e98b-080c-4bcf-b1eb-92592d25d6b7"}}
[debug] [2023-04-07T10:58:23.221Z] [update-default-us-central1-reserve] Retrying task index 0
[debug] [2023-04-07T10:58:23.221Z] >>> [apiv2][query] GET https://cloudfunctions.googleapis.com/v1/operations/cGludGUtbWlldGVuL3VzLWNlbnRyYWwxL3Jlc2VydmUvYzdXYzY5TnpsMWc [none]
[debug] [2023-04-07T10:58:23.398Z] <<< [apiv2][status] GET https://cloudfunctions.googleapis.com/v1/operations/cGludGUtbWlldGVuL3VzLWNlbnRyYWwxL3Jlc2VydmUvYzdXYzY5TnpsMWc 200
[debug] [2023-04-07T10:58:23.398Z] <<< [apiv2][body] GET https://cloudfunctions.googleapis.com/v1/operations/cGludGUtbWlldGVuL3VzLWNlbnRyYWwxL3Jlc2VydmUvYzdXYzY5TnpsMWc {"name":"operations/cGludGUtbWlldGVuL3VzLWNlbnRyYWwxL3Jlc2VydmUvYzdXYzY5TnpsMWc","metadata":{"@type":"type.googleapis.com/google.cloud.functions.v1.OperationMetadataV1","target":"projects/pinte-mieten/locations/us-central1/functions/reserve","type":"UPDATE_FUNCTION","request":{"@type":"type.googleapis.com/google.cloud.functions.v1.CloudFunction","name":"projects/pinte-mieten/locations/us-central1/functions/reserve","httpsTrigger":{"url":"https://us-central1-pinte-mieten.cloudfunctions.net/reserve","securityLevel":"SECURE_ALWAYS"},"status":"ACTIVE","entryPoint":"reserve","updateTime":"2023-04-04T18:51:39.244Z","versionId":"5","labels":{"deployment-tool":"cli-firebase","firebase-functions-hash":"5c7a69381d096020bef42a0ccbeafaf48ab61d55"},"sourceUploadUrl":"https://storage.googleapis.com/uploads-357464821068.us-central1.cloudfunctions.appspot.com/28f935e4-ef90-4eb5-8275-e925b0647fce.zip?GoogleAccessId=service-535602354297@gcf-admin-robot.iam.gserviceaccount.com&Expires=1680866892&Signature=A4u6Nrq1c25d4A5m3rSWa7yU5Hcq5lZNoG54GeIQILvywrp%2BCuSIRQ0VbK9rxZndBjBwOeCdmUIZpPtrA3IAqdqtTFuNNaJ9J%2Bz9gYMXStDhMkjgGnj2AHQWSeWN3B3PLtMEGz2NyUgt1MqahXmaOowxiepiZmNoWDVzbSxTzophoTGcbwQ7B%2BmcDUy4ViOVNmoa4TRHGfZ0%2FvHX0qSHtofokJhHurq024SmYo%2BxedzGf6mohd3mFOYGVawhi5g1bcZxOFcwmxr%2BgKLpSFov2Ir9z1e7Liye3lex8s4rAa3R4DIZsyKijLKzLTS%2FXivLHqmvKf8E7uzrLNNWsld6jw%3D%3D","environmentVariables":{"MAIL_PASSWORD":"ghthwbahmgdnzjaj","FIREBASE_CONFIG":"{\"projectId\":\"pinte-mieten\",\"storageBucket\":\"pinte-mieten.appspot.com\"}","GCLOUD_PROJECT":"pinte-mieten","EVENTARC_CLOUD_EVENT_SOURCE":"projects/pinte-mieten/locations/us-central1/functions/reserve"},"runtime":"nodejs16","buildId":"09e9cada-0ee6-4a6f-9939-30b2ac54024d","buildName":"projects/535602354297/locations/us-central1/builds/09e9cada-0ee6-4a6f-9939-30b2ac54024d","dockerRegistry":"ARTIFACT_REGISTRY"},"versionId":"6","updateTime":"2023-04-07T10:58:15Z","buildId":"2176e98b-080c-4bcf-b1eb-92592d25d6b7","buildName":"projects/535602354297/locations/us-central1/builds/2176e98b-080c-4bcf-b1eb-92592d25d6b7"}}
[debug] [2023-04-07T10:58:31.399Z] [update-default-us-central1-reserve] Retrying task index 0
[debug] [2023-04-07T10:58:31.400Z] >>> [apiv2][query] GET https://cloudfunctions.googleapis.com/v1/operations/cGludGUtbWlldGVuL3VzLWNlbnRyYWwxL3Jlc2VydmUvYzdXYzY5TnpsMWc [none]
[debug] [2023-04-07T10:58:31.637Z] <<< [apiv2][status] GET https://cloudfunctions.googleapis.com/v1/operations/cGludGUtbWlldGVuL3VzLWNlbnRyYWwxL3Jlc2VydmUvYzdXYzY5TnpsMWc 200
[debug] [2023-04-07T10:58:31.637Z] <<< [apiv2][body] GET https://cloudfunctions.googleapis.com/v1/operations/cGludGUtbWlldGVuL3VzLWNlbnRyYWwxL3Jlc2VydmUvYzdXYzY5TnpsMWc {"name":"operations/cGludGUtbWlldGVuL3VzLWNlbnRyYWwxL3Jlc2VydmUvYzdXYzY5TnpsMWc","metadata":{"@type":"type.googleapis.com/google.cloud.functions.v1.OperationMetadataV1","target":"projects/pinte-mieten/locations/us-central1/functions/reserve","type":"UPDATE_FUNCTION","request":{"@type":"type.googleapis.com/google.cloud.functions.v1.CloudFunction","name":"projects/pinte-mieten/locations/us-central1/functions/reserve","httpsTrigger":{"url":"https://us-central1-pinte-mieten.cloudfunctions.net/reserve","securityLevel":"SECURE_ALWAYS"},"status":"ACTIVE","entryPoint":"reserve","updateTime":"2023-04-04T18:51:39.244Z","versionId":"5","labels":{"deployment-tool":"cli-firebase","firebase-functions-hash":"5c7a69381d096020bef42a0ccbeafaf48ab61d55"},"sourceUploadUrl":"https://storage.googleapis.com/uploads-357464821068.us-central1.cloudfunctions.appspot.com/28f935e4-ef90-4eb5-8275-e925b0647fce.zip?GoogleAccessId=service-535602354297@gcf-admin-robot.iam.gserviceaccount.com&Expires=1680866892&Signature=A4u6Nrq1c25d4A5m3rSWa7yU5Hcq5lZNoG54GeIQILvywrp%2BCuSIRQ0VbK9rxZndBjBwOeCdmUIZpPtrA3IAqdqtTFuNNaJ9J%2Bz9gYMXStDhMkjgGnj2AHQWSeWN3B3PLtMEGz2NyUgt1MqahXmaOowxiepiZmNoWDVzbSxTzophoTGcbwQ7B%2BmcDUy4ViOVNmoa4TRHGfZ0%2FvHX0qSHtofokJhHurq024SmYo%2BxedzGf6mohd3mFOYGVawhi5g1bcZxOFcwmxr%2BgKLpSFov2Ir9z1e7Liye3lex8s4rAa3R4DIZsyKijLKzLTS%2FXivLHqmvKf8E7uzrLNNWsld6jw%3D%3D","environmentVariables":{"MAIL_PASSWORD":"ghthwbahmgdnzjaj","FIREBASE_CONFIG":"{\"projectId\":\"pinte-mieten\",\"storageBucket\":\"pinte-mieten.appspot.com\"}","GCLOUD_PROJECT":"pinte-mieten","EVENTARC_CLOUD_EVENT_SOURCE":"projects/pinte-mieten/locations/us-central1/functions/reserve"},"runtime":"nodejs16","buildId":"09e9cada-0ee6-4a6f-9939-30b2ac54024d","buildName":"projects/535602354297/locations/us-central1/builds/09e9cada-0ee6-4a6f-9939-30b2ac54024d","dockerRegistry":"ARTIFACT_REGISTRY"},"versionId":"6","updateTime":"2023-04-07T10:58:15Z","buildId":"2176e98b-080c-4bcf-b1eb-92592d25d6b7","buildName":"projects/535602354297/locations/us-central1/builds/2176e98b-080c-4bcf-b1eb-92592d25d6b7"}}
[debug] [2023-04-07T10:58:41.638Z] [update-default-us-central1-reserve] Retrying task index 0
[debug] [2023-04-07T10:58:41.639Z] >>> [apiv2][query] GET https://cloudfunctions.googleapis.com/v1/operations/cGludGUtbWlldGVuL3VzLWNlbnRyYWwxL3Jlc2VydmUvYzdXYzY5TnpsMWc [none]
[debug] [2023-04-07T10:58:41.867Z] <<< [apiv2][status] GET https://cloudfunctions.googleapis.com/v1/operations/cGludGUtbWlldGVuL3VzLWNlbnRyYWwxL3Jlc2VydmUvYzdXYzY5TnpsMWc 200
[debug] [2023-04-07T10:58:41.868Z] <<< [apiv2][body] GET https://cloudfunctions.googleapis.com/v1/operations/cGludGUtbWlldGVuL3VzLWNlbnRyYWwxL3Jlc2VydmUvYzdXYzY5TnpsMWc {"name":"operations/cGludGUtbWlldGVuL3VzLWNlbnRyYWwxL3Jlc2VydmUvYzdXYzY5TnpsMWc","metadata":{"@type":"type.googleapis.com/google.cloud.functions.v1.OperationMetadataV1","target":"projects/pinte-mieten/locations/us-central1/functions/reserve","type":"UPDATE_FUNCTION","request":{"@type":"type.googleapis.com/google.cloud.functions.v1.CloudFunction","name":"projects/pinte-mieten/locations/us-central1/functions/reserve","httpsTrigger":{"url":"https://us-central1-pinte-mieten.cloudfunctions.net/reserve","securityLevel":"SECURE_ALWAYS"},"status":"ACTIVE","entryPoint":"reserve","updateTime":"2023-04-04T18:51:39.244Z","versionId":"5","labels":{"deployment-tool":"cli-firebase","firebase-functions-hash":"5c7a69381d096020bef42a0ccbeafaf48ab61d55"},"sourceUploadUrl":"https://storage.googleapis.com/uploads-357464821068.us-central1.cloudfunctions.appspot.com/28f935e4-ef90-4eb5-8275-e925b0647fce.zip?GoogleAccessId=service-535602354297@gcf-admin-robot.iam.gserviceaccount.com&Expires=1680866892&Signature=A4u6Nrq1c25d4A5m3rSWa7yU5Hcq5lZNoG54GeIQILvywrp%2BCuSIRQ0VbK9rxZndBjBwOeCdmUIZpPtrA3IAqdqtTFuNNaJ9J%2Bz9gYMXStDhMkjgGnj2AHQWSeWN3B3PLtMEGz2NyUgt1MqahXmaOowxiepiZmNoWDVzbSxTzophoTGcbwQ7B%2BmcDUy4ViOVNmoa4TRHGfZ0%2FvHX0qSHtofokJhHurq024SmYo%2BxedzGf6mohd3mFOYGVawhi5g1bcZxOFcwmxr%2BgKLpSFov2Ir9z1e7Liye3lex8s4rAa3R4DIZsyKijLKzLTS%2FXivLHqmvKf8E7uzrLNNWsld6jw%3D%3D","environmentVariables":{"MAIL_PASSWORD":"ghthwbahmgdnzjaj","FIREBASE_CONFIG":"{\"projectId\":\"pinte-mieten\",\"storageBucket\":\"pinte-mieten.appspot.com\"}","GCLOUD_PROJECT":"pinte-mieten","EVENTARC_CLOUD_EVENT_SOURCE":"projects/pinte-mieten/locations/us-central1/functions/reserve"},"runtime":"nodejs16","buildId":"09e9cada-0ee6-4a6f-9939-30b2ac54024d","buildName":"projects/535602354297/locations/us-central1/builds/09e9cada-0ee6-4a6f-9939-30b2ac54024d","dockerRegistry":"ARTIFACT_REGISTRY"},"versionId":"6","updateTime":"2023-04-07T10:58:15Z","buildId":"2176e98b-080c-4bcf-b1eb-92592d25d6b7","buildName":"projects/535602354297/locations/us-central1/builds/2176e98b-080c-4bcf-b1eb-92592d25d6b7"}}
[debug] [2023-04-07T10:58:51.868Z] [update-default-us-central1-reserve] Retrying task index 0
[debug] [2023-04-07T10:58:51.869Z] >>> [apiv2][query] GET https://cloudfunctions.googleapis.com/v1/operations/cGludGUtbWlldGVuL3VzLWNlbnRyYWwxL3Jlc2VydmUvYzdXYzY5TnpsMWc [none]
[debug] [2023-04-07T10:58:52.087Z] <<< [apiv2][status] GET https://cloudfunctions.googleapis.com/v1/operations/cGludGUtbWlldGVuL3VzLWNlbnRyYWwxL3Jlc2VydmUvYzdXYzY5TnpsMWc 200
[debug] [2023-04-07T10:58:52.088Z] <<< [apiv2][body] GET https://cloudfunctions.googleapis.com/v1/operations/cGludGUtbWlldGVuL3VzLWNlbnRyYWwxL3Jlc2VydmUvYzdXYzY5TnpsMWc {"name":"operations/cGludGUtbWlldGVuL3VzLWNlbnRyYWwxL3Jlc2VydmUvYzdXYzY5TnpsMWc","metadata":{"@type":"type.googleapis.com/google.cloud.functions.v1.OperationMetadataV1","target":"projects/pinte-mieten/locations/us-central1/functions/reserve","type":"UPDATE_FUNCTION","request":{"@type":"type.googleapis.com/google.cloud.functions.v1.CloudFunction","name":"projects/pinte-mieten/locations/us-central1/functions/reserve","httpsTrigger":{"url":"https://us-central1-pinte-mieten.cloudfunctions.net/reserve","securityLevel":"SECURE_ALWAYS"},"status":"ACTIVE","entryPoint":"reserve","updateTime":"2023-04-04T18:51:39.244Z","versionId":"5","labels":{"deployment-tool":"cli-firebase","firebase-functions-hash":"5c7a69381d096020bef42a0ccbeafaf48ab61d55"},"sourceUploadUrl":"https://storage.googleapis.com/uploads-357464821068.us-central1.cloudfunctions.appspot.com/28f935e4-ef90-4eb5-8275-e925b0647fce.zip?GoogleAccessId=service-535602354297@gcf-admin-robot.iam.gserviceaccount.com&Expires=1680866892&Signature=A4u6Nrq1c25d4A5m3rSWa7yU5Hcq5lZNoG54GeIQILvywrp%2BCuSIRQ0VbK9rxZndBjBwOeCdmUIZpPtrA3IAqdqtTFuNNaJ9J%2Bz9gYMXStDhMkjgGnj2AHQWSeWN3B3PLtMEGz2NyUgt1MqahXmaOowxiepiZmNoWDVzbSxTzophoTGcbwQ7B%2BmcDUy4ViOVNmoa4TRHGfZ0%2FvHX0qSHtofokJhHurq024SmYo%2BxedzGf6mohd3mFOYGVawhi5g1bcZxOFcwmxr%2BgKLpSFov2Ir9z1e7Liye3lex8s4rAa3R4DIZsyKijLKzLTS%2FXivLHqmvKf8E7uzrLNNWsld6jw%3D%3D","environmentVariables":{"MAIL_PASSWORD":"ghthwbahmgdnzjaj","FIREBASE_CONFIG":"{\"projectId\":\"pinte-mieten\",\"storageBucket\":\"pinte-mieten.appspot.com\"}","GCLOUD_PROJECT":"pinte-mieten","EVENTARC_CLOUD_EVENT_SOURCE":"projects/pinte-mieten/locations/us-central1/functions/reserve"},"runtime":"nodejs16","buildId":"09e9cada-0ee6-4a6f-9939-30b2ac54024d","buildName":"projects/535602354297/locations/us-central1/builds/09e9cada-0ee6-4a6f-9939-30b2ac54024d","dockerRegistry":"ARTIFACT_REGISTRY"},"versionId":"6","updateTime":"2023-04-07T10:58:15Z","buildId":"2176e98b-080c-4bcf-b1eb-92592d25d6b7","buildName":"projects/535602354297/locations/us-central1/builds/2176e98b-080c-4bcf-b1eb-92592d25d6b7"}}
[debug] [2023-04-07T10:59:02.089Z] [update-default-us-central1-reserve] Retrying task index 0
[debug] [2023-04-07T10:59:02.089Z] >>> [apiv2][query] GET https://cloudfunctions.googleapis.com/v1/operations/cGludGUtbWlldGVuL3VzLWNlbnRyYWwxL3Jlc2VydmUvYzdXYzY5TnpsMWc [none]
[debug] [2023-04-07T10:59:02.297Z] <<< [apiv2][status] GET https://cloudfunctions.googleapis.com/v1/operations/cGludGUtbWlldGVuL3VzLWNlbnRyYWwxL3Jlc2VydmUvYzdXYzY5TnpsMWc 200
[debug] [2023-04-07T10:59:02.297Z] <<< [apiv2][body] GET https://cloudfunctions.googleapis.com/v1/operations/cGludGUtbWlldGVuL3VzLWNlbnRyYWwxL3Jlc2VydmUvYzdXYzY5TnpsMWc {"name":"operations/cGludGUtbWlldGVuL3VzLWNlbnRyYWwxL3Jlc2VydmUvYzdXYzY5TnpsMWc","metadata":{"@type":"type.googleapis.com/google.cloud.functions.v1.OperationMetadataV1","target":"projects/pinte-mieten/locations/us-central1/functions/reserve","type":"UPDATE_FUNCTION","request":{"@type":"type.googleapis.com/google.cloud.functions.v1.CloudFunction","name":"projects/pinte-mieten/locations/us-central1/functions/reserve","httpsTrigger":{"url":"https://us-central1-pinte-mieten.cloudfunctions.net/reserve","securityLevel":"SECURE_ALWAYS"},"status":"ACTIVE","entryPoint":"reserve","updateTime":"2023-04-04T18:51:39.244Z","versionId":"5","labels":{"deployment-tool":"cli-firebase","firebase-functions-hash":"5c7a69381d096020bef42a0ccbeafaf48ab61d55"},"sourceUploadUrl":"https://storage.googleapis.com/uploads-357464821068.us-central1.cloudfunctions.appspot.com/28f935e4-ef90-4eb5-8275-e925b0647fce.zip?GoogleAccessId=service-535602354297@gcf-admin-robot.iam.gserviceaccount.com&Expires=1680866892&Signature=A4u6Nrq1c25d4A5m3rSWa7yU5Hcq5lZNoG54GeIQILvywrp%2BCuSIRQ0VbK9rxZndBjBwOeCdmUIZpPtrA3IAqdqtTFuNNaJ9J%2Bz9gYMXStDhMkjgGnj2AHQWSeWN3B3PLtMEGz2NyUgt1MqahXmaOowxiepiZmNoWDVzbSxTzophoTGcbwQ7B%2BmcDUy4ViOVNmoa4TRHGfZ0%2FvHX0qSHtofokJhHurq024SmYo%2BxedzGf6mohd3mFOYGVawhi5g1bcZxOFcwmxr%2BgKLpSFov2Ir9z1e7Liye3lex8s4rAa3R4DIZsyKijLKzLTS%2FXivLHqmvKf8E7uzrLNNWsld6jw%3D%3D","environmentVariables":{"MAIL_PASSWORD":"ghthwbahmgdnzjaj","FIREBASE_CONFIG":"{\"projectId\":\"pinte-mieten\",\"storageBucket\":\"pinte-mieten.appspot.com\"}","GCLOUD_PROJECT":"pinte-mieten","EVENTARC_CLOUD_EVENT_SOURCE":"projects/pinte-mieten/locations/us-central1/functions/reserve"},"runtime":"nodejs16","buildId":"09e9cada-0ee6-4a6f-9939-30b2ac54024d","buildName":"projects/535602354297/locations/us-central1/builds/09e9cada-0ee6-4a6f-9939-30b2ac54024d","dockerRegistry":"ARTIFACT_REGISTRY"},"versionId":"6","updateTime":"2023-04-07T10:58:15Z","buildId":"2176e98b-080c-4bcf-b1eb-92592d25d6b7","buildName":"projects/535602354297/locations/us-central1/builds/2176e98b-080c-4bcf-b1eb-92592d25d6b7"}}
